2025-10-19 16:46:05,583 - root - INFO - Epoch 0; loss: 60.71177673339844; CER: 0.9989383220672607; WER: 1.0; val_loss: 41.37076950073242; val_CER: 1.0; val_WER: 1.0
2025-10-19 16:47:45,999 - root - INFO - Epoch 1; loss: 33.57915496826172; CER: 1.0; WER: 1.0; val_loss: 33.731834411621094; val_CER: 1.0; val_WER: 1.0
2025-10-19 16:49:25,702 - root - INFO - Epoch 2; loss: 32.21876525878906; CER: 1.0; WER: 1.0; val_loss: 32.17164611816406; val_CER: 1.0; val_WER: 1.0
2025-10-19 16:51:31,648 - root - INFO - Epoch 3; loss: 31.68073081970215; CER: 1.0; WER: 1.0; val_loss: 31.656145095825195; val_CER: 1.0; val_WER: 1.0
2025-10-19 16:53:28,066 - root - INFO - Epoch 4; loss: 31.354280471801758; CER: 1.0; WER: 1.0; val_loss: 31.306299209594727; val_CER: 1.0; val_WER: 1.0
2025-10-19 16:55:35,684 - root - INFO - Epoch 5; loss: 31.07778549194336; CER: 1.0; WER: 1.0; val_loss: 31.024076461791992; val_CER: 1.0; val_WER: 1.0
2025-10-19 16:57:38,013 - root - INFO - Epoch 6; loss: 30.8332462310791; CER: 1.0; WER: 1.0; val_loss: 30.836362838745117; val_CER: 1.0; val_WER: 1.0
2025-10-19 16:59:41,794 - root - INFO - Epoch 7; loss: 30.61768341064453; CER: 0.9998773336410522; WER: 1.0; val_loss: 30.746610641479492; val_CER: 0.99983149766922; val_WER: 1.0
2025-10-19 17:02:02,302 - root - INFO - Epoch 8; loss: 30.415538787841797; CER: 0.9987975358963013; WER: 1.0; val_loss: 30.962427139282227; val_CER: 0.9922817349433899; val_WER: 1.0
2025-10-19 17:04:25,366 - root - INFO - Epoch 9; loss: 30.235885620117188; CER: 0.9968495965003967; WER: 1.0; val_loss: 31.089763641357422; val_CER: 0.9869212508201599; val_WER: 1.0
2025-10-19 17:06:47,080 - root - INFO - Epoch 10; loss: 30.099262237548828; CER: 0.9938609600067139; WER: 1.0; val_loss: 31.244108200073242; val_CER: 0.9852176308631897; val_WER: 1.0
2025-10-19 17:08:50,071 - root - INFO - Epoch 11; loss: 29.989566802978516; CER: 0.9920899271965027; WER: 1.0; val_loss: 31.332595825195312; val_CER: 0.9851874113082886; val_WER: 1.0
2025-10-19 17:11:12,001 - root - INFO - Epoch 12; loss: 29.901905059814453; CER: 0.9900662302970886; WER: 1.0; val_loss: 31.237300872802734; val_CER: 0.9852210283279419; val_WER: 1.0
2025-10-19 17:13:09,537 - root - INFO - Epoch 13; loss: 29.820951461791992; CER: 0.989494800567627; WER: 1.0; val_loss: 31.387907028198242; val_CER: 0.9851914644241333; val_WER: 1.0
2025-10-19 17:14:43,486 - root - INFO - Epoch 14; loss: 29.748031616210938; CER: 0.9889364838600159; WER: 1.0; val_loss: 31.396825790405273; val_CER: 0.9851852059364319; val_WER: 1.0
2025-10-19 17:16:00,096 - root - INFO - Epoch 15; loss: 29.677038192749023; CER: 0.988512396812439; WER: 1.0; val_loss: 31.40042495727539; val_CER: 0.9851735234260559; val_WER: 1.0
2025-10-19 17:17:17,031 - root - INFO - Epoch 16; loss: 29.598342895507812; CER: 0.98853600025177; WER: 1.0; val_loss: 31.19792366027832; val_CER: 0.9851027131080627; val_WER: 1.0
2025-10-19 17:19:17,279 - root - INFO - Epoch 17; loss: 29.51209831237793; CER: 0.9879790544509888; WER: 1.0; val_loss: 30.98838996887207; val_CER: 0.9849507808685303; val_WER: 1.0
2025-10-19 17:20:51,976 - root - INFO - Epoch 18; loss: 29.383907318115234; CER: 0.9874947667121887; WER: 1.0; val_loss: 30.58146095275879; val_CER: 0.9846921563148499; val_WER: 1.0
2025-10-19 17:21:59,118 - root - INFO - Epoch 19; loss: 29.222314834594727; CER: 0.9874933958053589; WER: 1.0; val_loss: 30.311052322387695; val_CER: 0.9843170046806335; val_WER: 1.0
2025-10-19 17:23:06,715 - root - INFO - Epoch 20; loss: 29.066425323486328; CER: 0.9868932366371155; WER: 1.0; val_loss: 30.057729721069336; val_CER: 0.9830420613288879; val_WER: 1.0
2025-10-19 17:24:14,182 - root - INFO - Epoch 21; loss: 28.90093421936035; CER: 0.9855630397796631; WER: 1.0; val_loss: 29.92820930480957; val_CER: 0.9834697246551514; val_WER: 1.0
2025-10-19 17:25:22,006 - root - INFO - Epoch 22; loss: 28.759733200073242; CER: 0.9839183688163757; WER: 1.0; val_loss: 29.57942771911621; val_CER: 0.9834403991699219; val_WER: 1.0
2025-10-19 17:26:31,692 - root - INFO - Epoch 23; loss: 28.616113662719727; CER: 0.9828879833221436; WER: 1.0; val_loss: 29.423179626464844; val_CER: 0.9833644032478333; val_WER: 1.0
2025-10-19 17:27:41,341 - root - INFO - Epoch 24; loss: 28.464927673339844; CER: 0.9815142750740051; WER: 1.0; val_loss: 29.00704574584961; val_CER: 0.9825901389122009; val_WER: 1.0
2025-10-19 17:28:51,012 - root - INFO - Epoch 25; loss: 28.29779052734375; CER: 0.9802298545837402; WER: 1.0; val_loss: 28.842531204223633; val_CER: 0.9822986125946045; val_WER: 1.0
2025-10-19 17:30:01,478 - root - INFO - Epoch 26; loss: 28.13520622253418; CER: 0.9786524772644043; WER: 1.0; val_loss: 28.997840881347656; val_CER: 0.984436571598053; val_WER: 1.0
2025-10-19 17:31:12,237 - root - INFO - Epoch 27; loss: 27.940027236938477; CER: 0.9777475595474243; WER: 1.0; val_loss: 28.524850845336914; val_CER: 0.9827147126197815; val_WER: 1.0
2025-10-19 17:32:22,675 - root - INFO - Epoch 28; loss: 27.698223114013672; CER: 0.9762473702430725; WER: 1.0; val_loss: 28.35175132751465; val_CER: 0.9841687679290771; val_WER: 1.0
2025-10-19 17:33:32,636 - root - INFO - Epoch 29; loss: 27.443153381347656; CER: 0.9750012755393982; WER: 1.0; val_loss: 27.75800323486328; val_CER: 0.9826968908309937; val_WER: 1.0
2025-10-19 17:34:43,458 - root - INFO - Epoch 30; loss: 27.209802627563477; CER: 0.9733794927597046; WER: 1.0; val_loss: 27.614004135131836; val_CER: 0.9813727140426636; val_WER: 1.0
2025-10-19 17:35:53,212 - root - INFO - Epoch 31; loss: 26.981719970703125; CER: 0.9715821146965027; WER: 1.0; val_loss: 27.127811431884766; val_CER: 0.9792118072509766; val_WER: 1.0
2025-10-19 17:37:05,211 - root - INFO - Epoch 32; loss: 26.744964599609375; CER: 0.9705159664154053; WER: 1.0; val_loss: 26.893495559692383; val_CER: 0.978960394859314; val_WER: 1.0
2025-10-19 17:38:14,706 - root - INFO - Epoch 33; loss: 26.512954711914062; CER: 0.969285786151886; WER: 1.0; val_loss: 26.576637268066406; val_CER: 0.9766688942909241; val_WER: 1.0
2025-10-19 17:39:24,105 - root - INFO - Epoch 34; loss: 26.285905838012695; CER: 0.9679651856422424; WER: 1.0; val_loss: 26.4105281829834; val_CER: 0.9750455021858215; val_WER: 1.0
2025-10-19 17:40:33,133 - root - INFO - Epoch 35; loss: 26.072237014770508; CER: 0.9667563438415527; WER: 1.0; val_loss: 25.986942291259766; val_CER: 0.9721536040306091; val_WER: 1.0
2025-10-19 17:41:42,199 - root - INFO - Epoch 36; loss: 25.861263275146484; CER: 0.9656700491905212; WER: 1.0; val_loss: 25.68657684326172; val_CER: 0.9711630940437317; val_WER: 1.0
2025-10-19 17:42:51,122 - root - INFO - Epoch 37; loss: 25.652732849121094; CER: 0.9649420380592346; WER: 1.0; val_loss: 25.36296844482422; val_CER: 0.9663032293319702; val_WER: 1.0
2025-10-19 17:44:00,388 - root - INFO - Epoch 38; loss: 25.467641830444336; CER: 0.9638908505439758; WER: 1.0; val_loss: 25.26181411743164; val_CER: 0.9668883681297302; val_WER: 1.0
2025-10-19 17:45:09,756 - root - INFO - Epoch 39; loss: 25.26616859436035; CER: 0.9633162617683411; WER: 1.0; val_loss: 25.109773635864258; val_CER: 0.9649694561958313; val_WER: 1.0
2025-10-19 17:46:20,865 - root - INFO - Epoch 40; loss: 25.0771541595459; CER: 0.962057888507843; WER: 1.0; val_loss: 24.87543487548828; val_CER: 0.9649345874786377; val_WER: 1.0
2025-10-19 17:47:34,890 - root - INFO - Epoch 41; loss: 24.8710994720459; CER: 0.961473822593689; WER: 1.0; val_loss: 24.613317489624023; val_CER: 0.9629442691802979; val_WER: 1.0
2025-10-19 17:48:45,517 - root - INFO - Epoch 42; loss: 24.697738647460938; CER: 0.9604730010032654; WER: 1.0; val_loss: 24.400972366333008; val_CER: 0.9628962874412537; val_WER: 1.0
2025-10-19 17:49:56,258 - root - INFO - Epoch 43; loss: 24.502910614013672; CER: 0.9601899981498718; WER: 1.0; val_loss: 24.161209106445312; val_CER: 0.9604684710502625; val_WER: 1.0
2025-10-19 17:51:06,912 - root - INFO - Epoch 44; loss: 24.29208755493164; CER: 0.9591099619865417; WER: 1.0; val_loss: 23.85177993774414; val_CER: 0.9593502879142761; val_WER: 1.0
2025-10-19 17:52:16,519 - root - INFO - Epoch 45; loss: 24.10655403137207; CER: 0.9592345356941223; WER: 1.0; val_loss: 23.78973960876465; val_CER: 0.9596667289733887; val_WER: 1.0
2025-10-19 17:53:26,986 - root - INFO - Epoch 46; loss: 23.927621841430664; CER: 0.9586265087127686; WER: 1.0; val_loss: 23.420177459716797; val_CER: 0.9577261805534363; val_WER: 1.0
2025-10-19 17:54:37,249 - root - INFO - Epoch 47; loss: 23.73473358154297; CER: 0.9587850570678711; WER: 1.0; val_loss: 23.219242095947266; val_CER: 0.9580513834953308; val_WER: 1.0
2025-10-19 17:55:48,233 - root - INFO - Epoch 48; loss: 23.52538299560547; CER: 0.958694338798523; WER: 1.0; val_loss: 22.91946792602539; val_CER: 0.9554566144943237; val_WER: 1.0
2025-10-19 17:56:58,424 - root - INFO - Epoch 49; loss: 23.328739166259766; CER: 0.9585666656494141; WER: 1.0; val_loss: 22.602598190307617; val_CER: 0.9532808065414429; val_WER: 1.0
2025-10-19 17:58:08,763 - root - INFO - Epoch 50; loss: 23.112321853637695; CER: 0.9578277468681335; WER: 1.0; val_loss: 22.433822631835938; val_CER: 0.9513627886772156; val_WER: 1.0
2025-10-19 17:59:19,455 - root - INFO - Epoch 51; loss: 22.865489959716797; CER: 0.9566677212715149; WER: 1.0; val_loss: 22.144121170043945; val_CER: 0.9493974447250366; val_WER: 1.0
2025-10-19 18:00:30,700 - root - INFO - Epoch 52; loss: 22.617143630981445; CER: 0.9536154866218567; WER: 1.0; val_loss: 21.81467628479004; val_CER: 0.945034921169281; val_WER: 1.0
2025-10-19 18:01:42,967 - root - INFO - Epoch 53; loss: 22.348472595214844; CER: 0.9496071934700012; WER: 1.0; val_loss: 21.425142288208008; val_CER: 0.9364272952079773; val_WER: 1.0
2025-10-19 18:02:52,669 - root - INFO - Epoch 54; loss: 22.03339958190918; CER: 0.9440609812736511; WER: 1.0; val_loss: 21.042606353759766; val_CER: 0.931964635848999; val_WER: 1.0
2025-10-19 18:04:02,358 - root - INFO - Epoch 55; loss: 21.65826988220215; CER: 0.9373366236686707; WER: 1.0; val_loss: 20.4094295501709; val_CER: 0.921480655670166; val_WER: 1.0
2025-10-19 18:05:11,499 - root - INFO - Epoch 56; loss: 21.226381301879883; CER: 0.9282031059265137; WER: 1.0; val_loss: 19.92853355407715; val_CER: 0.9113660454750061; val_WER: 1.0
2025-10-19 18:06:21,119 - root - INFO - Epoch 57; loss: 20.68294906616211; CER: 0.9139259457588196; WER: 1.0; val_loss: 19.126012802124023; val_CER: 0.8903061151504517; val_WER: 1.0
2025-10-19 18:07:30,663 - root - INFO - Epoch 58; loss: 20.092117309570312; CER: 0.8975688219070435; WER: 1.0; val_loss: 18.52297019958496; val_CER: 0.8744319081306458; val_WER: 1.0
2025-10-19 18:08:41,045 - root - INFO - Epoch 59; loss: 19.515342712402344; CER: 0.8837690949440002; WER: 1.0; val_loss: 17.801742553710938; val_CER: 0.859498143196106; val_WER: 1.0
2025-10-19 18:09:51,770 - root - INFO - Epoch 60; loss: 18.934188842773438; CER: 0.8729868531227112; WER: 1.0; val_loss: 17.127338409423828; val_CER: 0.8492717742919922; val_WER: 1.0
2025-10-19 18:11:01,184 - root - INFO - Epoch 61; loss: 18.393878936767578; CER: 0.8639997243881226; WER: 1.0; val_loss: 16.534709930419922; val_CER: 0.8396360278129578; val_WER: 1.0
2025-10-19 18:12:11,321 - root - INFO - Epoch 62; loss: 17.888795852661133; CER: 0.8568704128265381; WER: 1.0; val_loss: 15.940832138061523; val_CER: 0.830887496471405; val_WER: 1.0
2025-10-19 18:13:22,332 - root - INFO - Epoch 63; loss: 17.388813018798828; CER: 0.8499757051467896; WER: 1.0; val_loss: 15.388826370239258; val_CER: 0.823841392993927; val_WER: 1.0
2025-10-19 18:14:32,302 - root - INFO - Epoch 64; loss: 16.92240333557129; CER: 0.8437889218330383; WER: 1.0; val_loss: 14.867097854614258; val_CER: 0.8167969584465027; val_WER: 1.0
2025-10-19 18:15:42,873 - root - INFO - Epoch 65; loss: 16.476566314697266; CER: 0.8380576372146606; WER: 1.0; val_loss: 14.509016036987305; val_CER: 0.8132352232933044; val_WER: 1.0
2025-10-19 18:16:52,088 - root - INFO - Epoch 66; loss: 16.05427360534668; CER: 0.8326826691627502; WER: 1.0; val_loss: 14.038208961486816; val_CER: 0.8061779141426086; val_WER: 1.0
2025-10-19 18:18:02,151 - root - INFO - Epoch 67; loss: 15.666698455810547; CER: 0.8278786540031433; WER: 1.0; val_loss: 13.60102367401123; val_CER: 0.8017599582672119; val_WER: 1.0
2025-10-19 18:19:12,299 - root - INFO - Epoch 68; loss: 15.286828994750977; CER: 0.8232098817825317; WER: 1.0; val_loss: 13.190085411071777; val_CER: 0.796149492263794; val_WER: 1.0
2025-10-19 18:20:22,196 - root - INFO - Epoch 69; loss: 14.916255950927734; CER: 0.8187955617904663; WER: 1.0; val_loss: 12.792433738708496; val_CER: 0.791289746761322; val_WER: 1.0
2025-10-19 18:21:32,270 - root - INFO - Epoch 70; loss: 14.58798885345459; CER: 0.8147798180580139; WER: 1.0; val_loss: 12.465326309204102; val_CER: 0.7876685261726379; val_WER: 1.0
2025-10-19 18:22:41,422 - root - INFO - Epoch 71; loss: 14.24483871459961; CER: 0.8107356429100037; WER: 1.0; val_loss: 12.155125617980957; val_CER: 0.7837548851966858; val_WER: 1.0
2025-10-19 18:23:51,819 - root - INFO - Epoch 72; loss: 13.95425033569336; CER: 0.80728679895401; WER: 1.0; val_loss: 11.87085247039795; val_CER: 0.7802045345306396; val_WER: 1.0
2025-10-19 18:25:02,621 - root - INFO - Epoch 73; loss: 13.653809547424316; CER: 0.8038679957389832; WER: 1.0; val_loss: 11.578049659729004; val_CER: 0.77707839012146; val_WER: 1.0
2025-10-19 18:26:12,269 - root - INFO - Epoch 74; loss: 13.373909950256348; CER: 0.8004791736602783; WER: 1.0; val_loss: 11.28800106048584; val_CER: 0.7740062475204468; val_WER: 1.0
2025-10-19 18:27:21,281 - root - INFO - Epoch 75; loss: 13.095487594604492; CER: 0.7971747517585754; WER: 1.0; val_loss: 11.062981605529785; val_CER: 0.7707362174987793; val_WER: 1.0
2025-10-19 18:28:30,815 - root - INFO - Epoch 76; loss: 12.837133407592773; CER: 0.7939915657043457; WER: 1.0; val_loss: 10.807462692260742; val_CER: 0.7679300308227539; val_WER: 1.0
2025-10-19 18:29:40,977 - root - INFO - Epoch 77; loss: 12.591254234313965; CER: 0.7911313772201538; WER: 1.0; val_loss: 10.566705703735352; val_CER: 0.7651326656341553; val_WER: 1.0
2025-10-19 18:30:50,919 - root - INFO - Epoch 78; loss: 12.360050201416016; CER: 0.7886717915534973; WER: 1.0; val_loss: 10.306262016296387; val_CER: 0.761766791343689; val_WER: 1.0
2025-10-19 18:32:03,587 - root - INFO - Epoch 79; loss: 12.12801456451416; CER: 0.785725474357605; WER: 1.0; val_loss: 10.135771751403809; val_CER: 0.7601803541183472; val_WER: 1.0
2025-10-19 18:33:15,715 - root - INFO - Epoch 80; loss: 11.909079551696777; CER: 0.7834923267364502; WER: 1.0; val_loss: 9.890060424804688; val_CER: 0.7571412920951843; val_WER: 1.0
2025-10-19 18:34:23,543 - root - INFO - Epoch 81; loss: 11.710088729858398; CER: 0.780561089515686; WER: 1.0; val_loss: 9.73822021484375; val_CER: 0.7555623054504395; val_WER: 1.0
2025-10-19 18:36:01,267 - root - INFO - Epoch 82; loss: 11.524313926696777; CER: 0.7789117693901062; WER: 1.0; val_loss: 9.54865550994873; val_CER: 0.7532130479812622; val_WER: 1.0
2025-10-19 18:37:44,778 - root - INFO - Epoch 83; loss: 11.316824913024902; CER: 0.7764943242073059; WER: 1.0; val_loss: 9.370536804199219; val_CER: 0.7519605159759521; val_WER: 1.0
2025-10-19 18:39:05,598 - root - INFO - Epoch 84; loss: 11.140625953674316; CER: 0.7742899060249329; WER: 1.0; val_loss: 9.161916732788086; val_CER: 0.7487068176269531; val_WER: 1.0
2025-10-19 18:40:33,631 - root - INFO - Epoch 85; loss: 10.937932968139648; CER: 0.7721880674362183; WER: 1.0; val_loss: 9.008798599243164; val_CER: 0.7464973330497742; val_WER: 1.0
2025-10-19 18:41:46,112 - root - INFO - Epoch 86; loss: 10.784729957580566; CER: 0.7702804803848267; WER: 1.0; val_loss: 8.825984001159668; val_CER: 0.7452400326728821; val_WER: 1.0
2025-10-19 18:43:00,377 - root - INFO - Epoch 87; loss: 10.605231285095215; CER: 0.768146812915802; WER: 1.0; val_loss: 8.725975036621094; val_CER: 0.7433547377586365; val_WER: 1.0
2025-10-19 18:44:13,507 - root - INFO - Epoch 88; loss: 10.463371276855469; CER: 0.7665882706642151; WER: 1.0; val_loss: 8.582439422607422; val_CER: 0.7423009276390076; val_WER: 1.0
2025-10-19 18:45:26,675 - root - INFO - Epoch 89; loss: 10.314643859863281; CER: 0.7648284435272217; WER: 1.0; val_loss: 8.469010353088379; val_CER: 0.740994930267334; val_WER: 1.0
2025-10-19 18:46:40,353 - root - INFO - Epoch 90; loss: 10.158162117004395; CER: 0.7631109356880188; WER: 1.0; val_loss: 8.373550415039062; val_CER: 0.7398542165756226; val_WER: 1.0
2025-10-19 18:47:52,216 - root - INFO - Epoch 91; loss: 10.041763305664062; CER: 0.7613999247550964; WER: 1.0; val_loss: 8.170013427734375; val_CER: 0.7374599575996399; val_WER: 1.0
2025-10-19 18:49:03,576 - root - INFO - Epoch 92; loss: 9.892345428466797; CER: 0.7601693868637085; WER: 1.0; val_loss: 8.096388816833496; val_CER: 0.7376115918159485; val_WER: 1.0
2025-10-19 18:50:15,493 - root - INFO - Epoch 93; loss: 9.749608993530273; CER: 0.7583752274513245; WER: 1.0; val_loss: 7.994406700134277; val_CER: 0.7362738847732544; val_WER: 1.0
2025-10-19 18:51:27,430 - root - INFO - Epoch 94; loss: 9.635320663452148; CER: 0.7571763396263123; WER: 1.0; val_loss: 7.8516058921813965; val_CER: 0.7339460849761963; val_WER: 1.0
2025-10-19 18:52:38,526 - root - INFO - Epoch 95; loss: 9.544391632080078; CER: 0.7560616135597229; WER: 1.0; val_loss: 7.770282745361328; val_CER: 0.7335471510887146; val_WER: 1.0
2025-10-19 18:53:50,713 - root - INFO - Epoch 96; loss: 9.411380767822266; CER: 0.7543452382087708; WER: 1.0; val_loss: 7.699449062347412; val_CER: 0.7321663498878479; val_WER: 1.0
2025-10-19 18:55:02,261 - root - INFO - Epoch 97; loss: 9.28608226776123; CER: 0.7532138228416443; WER: 1.0; val_loss: 7.57206916809082; val_CER: 0.7316009998321533; val_WER: 1.0
2025-10-19 18:56:13,787 - root - INFO - Epoch 98; loss: 9.186654090881348; CER: 0.7520365118980408; WER: 1.0; val_loss: 7.437412738800049; val_CER: 0.7292776107788086; val_WER: 1.0
2025-10-19 18:57:24,679 - root - INFO - Epoch 99; loss: 9.079212188720703; CER: 0.750737190246582; WER: 1.0; val_loss: 7.353870868682861; val_CER: 0.7286733388900757; val_WER: 1.0
2025-10-19 18:57:25,412 - tf2onnx.tfonnx - INFO - Using tensorflow=2.10.1, onnx=1.12.0, tf2onnx=1.14.0/8f8d49
2025-10-19 18:57:25,412 - tf2onnx.tfonnx - INFO - Using opset <onnx, 15>
2025-10-19 18:57:25,458 - tf2onnx.tf_utils - INFO - Computed 0 values for constant folding
2025-10-19 18:57:25,461 - tf2onnx.tf_utils - INFO - Computed 0 values for constant folding
2025-10-19 18:57:25,461 - tf2onnx.tf_utils - INFO - Computed 0 values for constant folding
2025-10-19 18:57:25,463 - tf2onnx.tf_utils - INFO - Computed 0 values for constant folding
2025-10-19 18:57:25,487 - tf2onnx.tf_utils - INFO - Computed 2 values for constant folding
2025-10-19 18:57:25,516 - tf2onnx.tfonnx - INFO - folding node using tf type=StridedSlice, name=model/bidirectional/forward_lstm/PartitionedCall/strided_slice
2025-10-19 18:57:25,516 - tf2onnx.tfonnx - INFO - folding node using tf type=StridedSlice, name=model/bidirectional/backward_lstm/PartitionedCall/strided_slice
2025-10-19 18:57:25,587 - tf2onnx.optimizer - INFO - Optimizing ONNX model
2025-10-19 18:57:25,899 - tf2onnx.optimizer - INFO - After optimization: BatchNormalization -14 (14->0), Cast -4 (9->5), Concat -4 (9->5), Const -104 (155->51), Expand -3 (4->1), Gather +1 (2->3), Identity -2 (2->0), Shape -1 (3->2), Slice -1 (4->3), Squeeze -2 (4->2), Transpose -63 (67->4), Unsqueeze -11 (14->3)
2025-10-19 20:44:42,183 - root - INFO - Epoch 0; loss: 6.422756195068359; CER: 0.7223262190818787; WER: 1.0; val_loss: 5.095871448516846; val_CER: 0.7057811617851257; val_WER: 1.0
2025-10-19 20:50:26,585 - root - INFO - Epoch 1; loss: 6.275832653045654; CER: 0.7207151651382446; WER: 1.0; val_loss: 4.923908233642578; val_CER: 0.7037699222564697; val_WER: 1.0
2025-10-20 01:26:05,637 - root - INFO - Epoch 0; loss: 6.149669647216797; CER: 0.7193426489830017; WER: 1.0; val_loss: 4.852265357971191; val_CER: 0.7029145359992981; val_WER: 1.0
2025-10-20 01:31:14,891 - root - INFO - Epoch 1; loss: 6.028933525085449; CER: 0.7178987264633179; WER: 1.0; val_loss: 4.770581245422363; val_CER: 0.7022243738174438; val_WER: 1.0
2025-10-20 01:36:18,315 - root - INFO - Epoch 2; loss: 5.917151927947998; CER: 0.7167709469795227; WER: 1.0; val_loss: 4.676641941070557; val_CER: 0.7009943127632141; val_WER: 1.0
2025-10-20 01:41:19,916 - root - INFO - Epoch 3; loss: 5.818151950836182; CER: 0.7155845761299133; WER: 1.0; val_loss: 4.588888645172119; val_CER: 0.6999616026878357; val_WER: 1.0
2025-10-20 01:46:18,409 - root - INFO - Epoch 4; loss: 5.719703674316406; CER: 0.7144864797592163; WER: 1.0; val_loss: 4.545361042022705; val_CER: 0.6999639868736267; val_WER: 1.0
2025-10-20 01:51:19,448 - root - INFO - Epoch 5; loss: 5.62877893447876; CER: 0.7135981321334839; WER: 1.0; val_loss: 4.458674907684326; val_CER: 0.6985296607017517; val_WER: 1.0
2025-10-20 01:56:18,179 - root - INFO - Epoch 6; loss: 5.535346031188965; CER: 0.7124723196029663; WER: 1.0; val_loss: 4.3839030265808105; val_CER: 0.6980499625205994; val_WER: 1.0
2025-10-20 02:01:16,423 - root - INFO - Epoch 7; loss: 5.465750694274902; CER: 0.7117409706115723; WER: 1.0; val_loss: 4.304660320281982; val_CER: 0.6971133351325989; val_WER: 1.0
2025-10-20 02:06:13,877 - root - INFO - Epoch 8; loss: 5.392294406890869; CER: 0.7109185457229614; WER: 1.0; val_loss: 4.2570414543151855; val_CER: 0.6965476274490356; val_WER: 1.0
2025-10-20 02:11:09,548 - root - INFO - Epoch 9; loss: 5.327820301055908; CER: 0.7101134061813354; WER: 1.0; val_loss: 4.21383810043335; val_CER: 0.696189820766449; val_WER: 1.0
2025-10-20 02:16:09,994 - root - INFO - Epoch 10; loss: 5.256115913391113; CER: 0.709425687789917; WER: 1.0; val_loss: 4.219444751739502; val_CER: 0.696429967880249; val_WER: 1.0
2025-10-20 02:21:14,644 - root - INFO - Epoch 11; loss: 5.1932148933410645; CER: 0.7087448835372925; WER: 1.0; val_loss: 4.128081321716309; val_CER: 0.6950885653495789; val_WER: 1.0
2025-10-20 02:26:20,120 - root - INFO - Epoch 12; loss: 5.128279209136963; CER: 0.7079246640205383; WER: 1.0; val_loss: 4.066660404205322; val_CER: 0.6942631602287292; val_WER: 1.0
2025-10-20 02:31:19,096 - root - INFO - Epoch 13; loss: 5.077150344848633; CER: 0.70735764503479; WER: 1.0; val_loss: 4.069983959197998; val_CER: 0.6947398781776428; val_WER: 1.0
2025-10-20 02:36:16,177 - root - INFO - Epoch 14; loss: 5.016660213470459; CER: 0.7067721486091614; WER: 1.0; val_loss: 4.005252361297607; val_CER: 0.6936496496200562; val_WER: 1.0
2025-10-20 02:36:16,842 - tf2onnx.tfonnx - INFO - Using tensorflow=2.10.1, onnx=1.12.0, tf2onnx=1.14.0/8f8d49
2025-10-20 02:36:16,842 - tf2onnx.tfonnx - INFO - Using opset <onnx, 15>
2025-10-20 02:36:16,883 - tf2onnx.tf_utils - INFO - Computed 0 values for constant folding
2025-10-20 02:36:16,885 - tf2onnx.tf_utils - INFO - Computed 0 values for constant folding
2025-10-20 02:36:16,887 - tf2onnx.tf_utils - INFO - Computed 0 values for constant folding
2025-10-20 02:36:16,889 - tf2onnx.tf_utils - INFO - Computed 0 values for constant folding
2025-10-20 02:36:16,912 - tf2onnx.tf_utils - INFO - Computed 2 values for constant folding
2025-10-20 02:36:16,937 - tf2onnx.tfonnx - INFO - folding node using tf type=StridedSlice, name=model/bidirectional/forward_lstm/PartitionedCall/strided_slice
2025-10-20 02:36:16,937 - tf2onnx.tfonnx - INFO - folding node using tf type=StridedSlice, name=model/bidirectional/backward_lstm/PartitionedCall/strided_slice
2025-10-20 02:36:17,004 - tf2onnx.optimizer - INFO - Optimizing ONNX model
2025-10-20 02:36:17,185 - tf2onnx.optimizer - INFO - After optimization: BatchNormalization -14 (14->0), Cast -4 (9->5), Concat -4 (9->5), Const -104 (155->51), Expand -3 (4->1), Gather +1 (2->3), Identity -2 (2->0), Shape -1 (3->2), Slice -1 (4->3), Squeeze -2 (4->2), Transpose -63 (67->4), Unsqueeze -11 (14->3)
2025-10-20 21:33:25,128 - root - INFO - Epoch 0; loss: 4.9812798500061035; CER: 0.7062730193138123; WER: 1.0; val_loss: 4.012024879455566; val_CER: 0.6936750411987305; val_WER: 1.0
2025-10-20 21:35:56,586 - root - INFO - Epoch 1; loss: 4.94771146774292; CER: 0.7058022618293762; WER: 1.0; val_loss: 3.9536569118499756; val_CER: 0.6930316686630249; val_WER: 1.0
2025-10-20 21:39:39,904 - root - INFO - Epoch 2; loss: 4.9270195960998535; CER: 0.7055343389511108; WER: 1.0; val_loss: 3.9571590423583984; val_CER: 0.6929821968078613; val_WER: 1.0
2025-10-20 21:44:11,798 - root - INFO - Epoch 3; loss: 4.894151210784912; CER: 0.7053016424179077; WER: 1.0; val_loss: 3.966527223587036; val_CER: 0.6930505633354187; val_WER: 1.0
2025-10-20 21:48:53,725 - root - INFO - Epoch 4; loss: 4.870632171630859; CER: 0.705052375793457; WER: 1.0; val_loss: 3.9312548637390137; val_CER: 0.6927066445350647; val_WER: 1.0
2025-10-20 21:53:24,228 - root - INFO - Epoch 5; loss: 4.839255332946777; CER: 0.7046288251876831; WER: 1.0; val_loss: 3.919790744781494; val_CER: 0.692755937576294; val_WER: 1.0
2025-10-20 21:56:44,847 - root - INFO - Epoch 6; loss: 4.821114540100098; CER: 0.7045245170593262; WER: 1.0; val_loss: 3.878678560256958; val_CER: 0.6923688650131226; val_WER: 1.0
2025-10-20 21:58:58,559 - root - INFO - Epoch 7; loss: 4.803802967071533; CER: 0.7044641971588135; WER: 1.0; val_loss: 3.866398572921753; val_CER: 0.6920877695083618; val_WER: 1.0
2025-10-20 22:01:18,939 - root - INFO - Epoch 8; loss: 4.767961025238037; CER: 0.7038763165473938; WER: 1.0; val_loss: 3.842724561691284; val_CER: 0.6919112801551819; val_WER: 1.0
2025-10-20 22:03:42,882 - root - INFO - Epoch 9; loss: 4.745380878448486; CER: 0.7036318182945251; WER: 1.0; val_loss: 3.8422062397003174; val_CER: 0.6919357180595398; val_WER: 1.0
2025-10-20 22:06:08,980 - root - INFO - Epoch 10; loss: 4.721587657928467; CER: 0.7033460140228271; WER: 1.0; val_loss: 3.839573860168457; val_CER: 0.6918755769729614; val_WER: 1.0
2025-10-20 22:08:32,020 - root - INFO - Epoch 11; loss: 4.7154765129089355; CER: 0.7031586766242981; WER: 1.0; val_loss: 3.8172547817230225; val_CER: 0.6911873817443848; val_WER: 1.0
2025-10-20 22:10:55,043 - root - INFO - Epoch 12; loss: 4.686239719390869; CER: 0.7029781937599182; WER: 1.0; val_loss: 3.7924740314483643; val_CER: 0.6912232637405396; val_WER: 1.0
2025-10-20 22:13:27,798 - root - INFO - Epoch 13; loss: 4.66901969909668; CER: 0.7027314901351929; WER: 1.0; val_loss: 3.807490348815918; val_CER: 0.6913601756095886; val_WER: 1.0
2025-10-20 22:16:02,804 - root - INFO - Epoch 14; loss: 4.63533878326416; CER: 0.7024191617965698; WER: 1.0; val_loss: 3.8198561668395996; val_CER: 0.6912293434143066; val_WER: 1.0
2025-10-20 22:16:04,868 - tf2onnx.tfonnx - INFO - Using tensorflow=2.10.1, onnx=1.12.0, tf2onnx=1.14.0/8f8d49
2025-10-20 22:16:04,868 - tf2onnx.tfonnx - INFO - Using opset <onnx, 15>
2025-10-20 22:16:04,941 - tf2onnx.tf_utils - INFO - Computed 0 values for constant folding
2025-10-20 22:16:04,947 - tf2onnx.tf_utils - INFO - Computed 0 values for constant folding
2025-10-20 22:16:04,952 - tf2onnx.tf_utils - INFO - Computed 0 values for constant folding
2025-10-20 22:16:04,955 - tf2onnx.tf_utils - INFO - Computed 0 values for constant folding
2025-10-20 22:16:04,996 - tf2onnx.tf_utils - INFO - Computed 2 values for constant folding
2025-10-20 22:16:05,044 - tf2onnx.tfonnx - INFO - folding node using tf type=StridedSlice, name=model/bidirectional/forward_lstm/PartitionedCall/strided_slice
2025-10-20 22:16:05,044 - tf2onnx.tfonnx - INFO - folding node using tf type=StridedSlice, name=model/bidirectional/backward_lstm/PartitionedCall/strided_slice
2025-10-20 22:16:05,261 - tf2onnx.optimizer - INFO - Optimizing ONNX model
2025-10-20 22:16:05,839 - tf2onnx.optimizer - INFO - After optimization: BatchNormalization -14 (14->0), Cast -4 (9->5), Concat -4 (9->5), Const -104 (155->51), Expand -3 (4->1), Gather +1 (2->3), Identity -2 (2->0), Shape -1 (3->2), Slice -1 (4->3), Squeeze -2 (4->2), Transpose -63 (67->4), Unsqueeze -11 (14->3)
2025-11-05 20:48:36,322 - root - INFO - Epoch 0; loss: 4.7052106857299805; CER: 0.7031888365745544; WER: 1.0; val_loss: 3.8015918731689453; val_CER: 0.6914010643959045; val_WER: 1.0
2025-11-05 20:53:10,310 - root - INFO - Epoch 1; loss: 4.660130977630615; CER: 0.7026490569114685; WER: 1.0; val_loss: 3.7596216201782227; val_CER: 0.6909689903259277; val_WER: 1.0
2025-11-05 20:57:44,222 - root - INFO - Epoch 2; loss: 4.614624977111816; CER: 0.7022947669029236; WER: 1.0; val_loss: 3.6792821884155273; val_CER: 0.6902651190757751; val_WER: 1.0
2025-11-05 21:02:44,667 - root - INFO - Epoch 3; loss: 4.58763313293457; CER: 0.7019040584564209; WER: 1.0; val_loss: 3.731915235519409; val_CER: 0.6900893449783325; val_WER: 1.0
2025-11-05 21:07:53,039 - root - INFO - Epoch 4; loss: 4.551533222198486; CER: 0.701625406742096; WER: 1.0; val_loss: 3.6310300827026367; val_CER: 0.6896542310714722; val_WER: 1.0
2025-11-05 21:12:58,503 - root - INFO - Epoch 5; loss: 4.515339374542236; CER: 0.7012221813201904; WER: 1.0; val_loss: 3.6092987060546875; val_CER: 0.6893067359924316; val_WER: 1.0
2025-11-05 21:17:44,577 - root - INFO - Epoch 6; loss: 4.477744102478027; CER: 0.7007274627685547; WER: 1.0; val_loss: 3.618741512298584; val_CER: 0.6896043419837952; val_WER: 1.0
2025-11-05 21:22:23,653 - root - INFO - Epoch 7; loss: 4.439593315124512; CER: 0.7003524899482727; WER: 1.0; val_loss: 3.565025806427002; val_CER: 0.6888278722763062; val_WER: 1.0
2025-11-05 21:27:01,155 - root - INFO - Epoch 8; loss: 4.412437915802002; CER: 0.7000898718833923; WER: 1.0; val_loss: 3.6322567462921143; val_CER: 0.6897786855697632; val_WER: 1.0
2025-11-05 21:31:38,924 - root - INFO - Epoch 9; loss: 4.384565353393555; CER: 0.6997336149215698; WER: 1.0; val_loss: 3.5265986919403076; val_CER: 0.6881979703903198; val_WER: 1.0
2025-11-05 21:31:39,785 - tf2onnx.tfonnx - INFO - Using tensorflow=2.10.1, onnx=1.17.0, tf2onnx=1.16.1/15c810
2025-11-05 21:31:39,785 - tf2onnx.tfonnx - INFO - Using opset <onnx, 15>
2025-11-05 21:31:39,832 - tf2onnx.tf_utils - INFO - Computed 0 values for constant folding
2025-11-05 21:31:39,835 - tf2onnx.tf_utils - INFO - Computed 0 values for constant folding
2025-11-05 21:31:39,836 - tf2onnx.tf_utils - INFO - Computed 0 values for constant folding
2025-11-05 21:31:39,840 - tf2onnx.tf_utils - INFO - Computed 0 values for constant folding
2025-11-05 21:31:39,865 - tf2onnx.tf_utils - INFO - Computed 2 values for constant folding
2025-11-05 21:31:39,897 - tf2onnx.tfonnx - INFO - folding node using tf type=StridedSlice, name=model/bidirectional/forward_lstm/PartitionedCall/strided_slice
2025-11-05 21:31:39,898 - tf2onnx.tfonnx - INFO - folding node using tf type=StridedSlice, name=model/bidirectional/backward_lstm/PartitionedCall/strided_slice
2025-11-05 21:31:39,987 - tf2onnx.optimizer - INFO - Optimizing ONNX model
2025-11-05 21:31:40,225 - tf2onnx.optimizer - INFO - After optimization: BatchNormalization -14 (14->0), Cast -4 (9->5), Concat -4 (9->5), Const -104 (155->51), Expand -3 (4->1), Gather +1 (2->3), Identity -2 (2->0), Shape -1 (3->2), Slice -1 (4->3), Squeeze -2 (4->2), Transpose -63 (67->4), Unsqueeze -11 (14->3)
2025-11-24 00:01:29,051 - root - INFO - Epoch 0; loss: 4.377983093261719; CER: 0.699506938457489; WER: 1.0; val_loss: 3.4838008880615234; val_CER: 0.6884559392929077; val_WER: 1.0
2025-11-24 00:22:08,645 - root - INFO - Epoch 1; loss: 4.306224346160889; CER: 0.6987432837486267; WER: 1.0; val_loss: 3.3910491466522217; val_CER: 0.6872758269309998; val_WER: 1.0
2025-11-24 00:44:39,754 - root - INFO - Epoch 2; loss: 4.2435688972473145; CER: 0.6980099081993103; WER: 1.0; val_loss: 3.3412277698516846; val_CER: 0.6866929531097412; val_WER: 1.0
2025-11-24 01:07:57,564 - root - INFO - Epoch 3; loss: 4.184251308441162; CER: 0.6973639726638794; WER: 1.0; val_loss: 3.305410623550415; val_CER: 0.6863722801208496; val_WER: 1.0
2025-11-24 01:29:02,306 - root - INFO - Epoch 4; loss: 4.126900672912598; CER: 0.696674644947052; WER: 1.0; val_loss: 3.2594382762908936; val_CER: 0.6858329772949219; val_WER: 1.0
2025-11-24 01:29:03,227 - tf2onnx.tfonnx - INFO - Using tensorflow=2.10.1, onnx=1.17.0, tf2onnx=1.16.1/15c810
2025-11-24 01:29:03,227 - tf2onnx.tfonnx - INFO - Using opset <onnx, 15>
2025-11-24 01:29:03,274 - tf2onnx.tf_utils - INFO - Computed 0 values for constant folding
2025-11-24 01:29:03,278 - tf2onnx.tf_utils - INFO - Computed 0 values for constant folding
2025-11-24 01:29:03,281 - tf2onnx.tf_utils - INFO - Computed 0 values for constant folding
2025-11-24 01:29:03,282 - tf2onnx.tf_utils - INFO - Computed 0 values for constant folding
2025-11-24 01:29:03,308 - tf2onnx.tf_utils - INFO - Computed 2 values for constant folding
2025-11-24 01:29:03,342 - tf2onnx.tfonnx - INFO - folding node using tf type=StridedSlice, name=model/bidirectional/forward_lstm/PartitionedCall/strided_slice
2025-11-24 01:29:03,343 - tf2onnx.tfonnx - INFO - folding node using tf type=StridedSlice, name=model/bidirectional/backward_lstm/PartitionedCall/strided_slice
2025-11-24 01:29:03,433 - tf2onnx.optimizer - INFO - Optimizing ONNX model
2025-11-24 01:29:03,678 - tf2onnx.optimizer - INFO - After optimization: BatchNormalization -14 (14->0), Cast -4 (9->5), Concat -4 (9->5), Const -104 (155->51), Expand -3 (4->1), Gather +1 (2->3), Identity -2 (2->0), Shape -1 (3->2), Slice -1 (4->3), Squeeze -2 (4->2), Transpose -63 (67->4), Unsqueeze -11 (14->3)
2025-11-26 00:43:40,983 - root - INFO - Epoch 0; loss: 4.080414295196533; CER: 0.6961525082588196; WER: 1.0; val_loss: 3.2893407344818115; val_CER: 0.6855422854423523; val_WER: 1.0
2025-11-26 00:46:39,486 - root - INFO - Epoch 1; loss: 4.052603721618652; CER: 0.6957467794418335; WER: 1.0; val_loss: 3.2888083457946777; val_CER: 0.6858361959457397; val_WER: 1.0
2025-11-26 00:50:14,601 - root - INFO - Epoch 2; loss: 4.045132637023926; CER: 0.6957008838653564; WER: 1.0; val_loss: 3.260524272918701; val_CER: 0.6854063272476196; val_WER: 1.0
2025-11-26 00:52:40,100 - root - INFO - Epoch 3; loss: 4.032113075256348; CER: 0.6957160830497742; WER: 1.0; val_loss: 3.2833008766174316; val_CER: 0.6854444146156311; val_WER: 1.0
2025-11-26 00:54:56,919 - root - INFO - Epoch 4; loss: 4.01193380355835; CER: 0.69528728723526; WER: 1.0; val_loss: 3.2389800548553467; val_CER: 0.6852515935897827; val_WER: 1.0
2025-11-26 00:57:12,274 - root - INFO - Epoch 5; loss: 4.000838279724121; CER: 0.6953683495521545; WER: 1.0; val_loss: 3.2727746963500977; val_CER: 0.6856833100318909; val_WER: 1.0
2025-11-26 00:59:49,354 - root - INFO - Epoch 6; loss: 3.9866416454315186; CER: 0.6951891183853149; WER: 1.0; val_loss: 3.281296968460083; val_CER: 0.6853517293930054; val_WER: 1.0
2025-11-26 01:04:12,818 - root - INFO - Epoch 7; loss: 3.966783046722412; CER: 0.6948420405387878; WER: 1.0; val_loss: 3.242929458618164; val_CER: 0.6855570673942566; val_WER: 1.0
2025-11-26 01:08:32,395 - root - INFO - Epoch 8; loss: 3.964604139328003; CER: 0.6948719024658203; WER: 1.0; val_loss: 3.252788782119751; val_CER: 0.6851938366889954; val_WER: 1.0
2025-11-26 01:12:14,942 - root - INFO - Epoch 9; loss: 3.9444098472595215; CER: 0.6948121190071106; WER: 1.0; val_loss: 3.203566074371338; val_CER: 0.6846660375595093; val_WER: 1.0
2025-11-26 01:14:31,342 - root - INFO - Epoch 10; loss: 3.941143751144409; CER: 0.6946277618408203; WER: 1.0; val_loss: 3.2366244792938232; val_CER: 0.6849203109741211; val_WER: 1.0
2025-11-26 01:16:55,539 - root - INFO - Epoch 11; loss: 3.9376070499420166; CER: 0.6945679783821106; WER: 1.0; val_loss: 3.211322069168091; val_CER: 0.6848487257957458; val_WER: 1.0
2025-11-26 01:19:19,093 - root - INFO - Epoch 12; loss: 3.927401304244995; CER: 0.6944533586502075; WER: 1.0; val_loss: 3.237144947052002; val_CER: 0.6848991513252258; val_WER: 1.0
2025-11-26 01:21:52,827 - root - INFO - Epoch 13; loss: 3.902397632598877; CER: 0.694206953048706; WER: 1.0; val_loss: 3.1840031147003174; val_CER: 0.6847791075706482; val_WER: 1.0
2025-11-26 01:25:47,931 - root - INFO - Epoch 14; loss: 3.895684242248535; CER: 0.6941275000572205; WER: 1.0; val_loss: 3.2110562324523926; val_CER: 0.6848820447921753; val_WER: 1.0
2025-11-26 01:29:27,130 - root - INFO - Epoch 15; loss: 3.8776493072509766; CER: 0.6939657330513; WER: 1.0; val_loss: 3.1995689868927; val_CER: 0.6846886277198792; val_WER: 1.0
2025-11-26 01:33:47,162 - root - INFO - Epoch 16; loss: 3.8832144737243652; CER: 0.694089412689209; WER: 1.0; val_loss: 3.1970808506011963; val_CER: 0.6845062971115112; val_WER: 1.0
2025-11-26 01:38:07,443 - root - INFO - Epoch 17; loss: 3.8702352046966553; CER: 0.6938720345497131; WER: 1.0; val_loss: 3.2011804580688477; val_CER: 0.6844128966331482; val_WER: 1.0
2025-11-26 01:41:57,494 - root - INFO - Epoch 18; loss: 3.860546112060547; CER: 0.6937476992607117; WER: 1.0; val_loss: 3.1636803150177; val_CER: 0.6844469308853149; val_WER: 1.0
2025-11-26 01:46:05,645 - root - INFO - Epoch 19; loss: 3.8485023975372314; CER: 0.6936759352684021; WER: 1.0; val_loss: 3.1875290870666504; val_CER: 0.6843442320823669; val_WER: 1.0
2025-11-26 01:48:19,270 - root - INFO - Epoch 20; loss: 3.8354508876800537; CER: 0.6935144066810608; WER: 1.0; val_loss: 3.169637441635132; val_CER: 0.6841138601303101; val_WER: 1.0
2025-11-26 01:50:34,999 - root - INFO - Epoch 21; loss: 3.8355376720428467; CER: 0.6936447024345398; WER: 1.0; val_loss: 3.166391611099243; val_CER: 0.6842446327209473; val_WER: 1.0
2025-11-26 01:52:51,299 - root - INFO - Epoch 22; loss: 3.8268003463745117; CER: 0.6932699680328369; WER: 1.0; val_loss: 3.1580116748809814; val_CER: 0.684287428855896; val_WER: 1.0
2025-11-26 01:55:09,862 - root - INFO - Epoch 23; loss: 3.812370777130127; CER: 0.6932745575904846; WER: 1.0; val_loss: 3.1614842414855957; val_CER: 0.6840742826461792; val_WER: 1.0
2025-11-26 01:57:27,394 - root - INFO - Epoch 24; loss: 3.804130792617798; CER: 0.6932238340377808; WER: 1.0; val_loss: 3.1860499382019043; val_CER: 0.6843034029006958; val_WER: 1.0
2025-11-26 01:57:29,671 - tf2onnx.tfonnx - INFO - Using tensorflow=2.10.1, onnx=1.17.0, tf2onnx=1.16.1/15c810
2025-11-26 01:57:29,671 - tf2onnx.tfonnx - INFO - Using opset <onnx, 15>
2025-11-26 01:57:29,763 - tf2onnx.tf_utils - INFO - Computed 0 values for constant folding
2025-11-26 01:57:29,771 - tf2onnx.tf_utils - INFO - Computed 0 values for constant folding
2025-11-26 01:57:29,773 - tf2onnx.tf_utils - INFO - Computed 0 values for constant folding
2025-11-26 01:57:29,776 - tf2onnx.tf_utils - INFO - Computed 0 values for constant folding
2025-11-26 01:57:29,824 - tf2onnx.tf_utils - INFO - Computed 2 values for constant folding
2025-11-26 01:57:29,883 - tf2onnx.tfonnx - INFO - folding node using tf type=StridedSlice, name=model/bidirectional/forward_lstm/PartitionedCall/strided_slice
2025-11-26 01:57:29,883 - tf2onnx.tfonnx - INFO - folding node using tf type=StridedSlice, name=model/bidirectional/backward_lstm/PartitionedCall/strided_slice
2025-11-26 01:57:30,161 - tf2onnx.optimizer - INFO - Optimizing ONNX model
2025-11-26 01:57:30,938 - tf2onnx.optimizer - INFO - After optimization: BatchNormalization -14 (14->0), Cast -4 (9->5), Concat -4 (9->5), Const -104 (155->51), Expand -3 (4->1), Gather +1 (2->3), Identity -2 (2->0), Shape -1 (3->2), Slice -1 (4->3), Squeeze -2 (4->2), Transpose -63 (67->4), Unsqueeze -11 (14->3)
2025-11-26 02:18:14,759 - root - INFO - Epoch 0; loss: 3.8824589252471924; CER: 0.6940741539001465; WER: 1.0; val_loss: 3.107386589050293; val_CER: 0.6840524077415466; val_WER: 1.0
2025-11-26 02:32:13,293 - root - INFO - Epoch 1; loss: 3.857130289077759; CER: 0.6937624216079712; WER: 1.0; val_loss: 3.07010555267334; val_CER: 0.6836857199668884; val_WER: 1.0
2025-11-26 16:23:44,112 - root - INFO - Epoch 0; loss: 3.832425117492676; CER: 0.6935614347457886; WER: 1.0; val_loss: 3.081606149673462; val_CER: 0.6836046576499939; val_WER: 1.0
2025-11-26 16:36:35,875 - root - INFO - Epoch 1; loss: 3.8035383224487305; CER: 0.6931604743003845; WER: 1.0; val_loss: 3.0659873485565186; val_CER: 0.68331378698349; val_WER: 1.0
2025-11-26 16:49:03,153 - root - INFO - Epoch 2; loss: 3.7874350547790527; CER: 0.6930348873138428; WER: 1.0; val_loss: 3.070296287536621; val_CER: 0.6833977103233337; val_WER: 1.0
2025-11-26 17:00:59,612 - root - INFO - Epoch 3; loss: 3.763631582260132; CER: 0.6927295923233032; WER: 1.0; val_loss: 3.058037042617798; val_CER: 0.6831178069114685; val_WER: 1.0
2025-11-26 17:13:29,106 - root - INFO - Epoch 4; loss: 3.74007511138916; CER: 0.6924890279769897; WER: 1.0; val_loss: 3.0109052658081055; val_CER: 0.6827868819236755; val_WER: 1.0
2025-11-26 17:25:51,667 - root - INFO - Epoch 5; loss: 3.719829559326172; CER: 0.6921810507774353; WER: 1.0; val_loss: 3.0110716819763184; val_CER: 0.6828777194023132; val_WER: 1.0
2025-11-26 17:38:29,406 - root - INFO - Epoch 6; loss: 3.70222544670105; CER: 0.6920455694198608; WER: 1.0; val_loss: 2.9777638912200928; val_CER: 0.6824590563774109; val_WER: 1.0
2025-11-26 17:50:38,556 - root - INFO - Epoch 7; loss: 3.6776559352874756; CER: 0.6918002963066101; WER: 1.0; val_loss: 2.961711883544922; val_CER: 0.6823063492774963; val_WER: 1.0
2025-11-26 18:01:36,207 - root - INFO - Epoch 8; loss: 3.659205913543701; CER: 0.6915526986122131; WER: 1.0; val_loss: 2.9215753078460693; val_CER: 0.6819663643836975; val_WER: 1.0
2025-11-26 18:09:30,802 - root - INFO - Epoch 9; loss: 3.644071102142334; CER: 0.69142746925354; WER: 1.0; val_loss: 2.9253153800964355; val_CER: 0.6819854378700256; val_WER: 1.0
2025-11-26 18:21:54,900 - root - INFO - Epoch 10; loss: 3.6290853023529053; CER: 0.6912024617195129; WER: 1.0; val_loss: 2.924273729324341; val_CER: 0.681932806968689; val_WER: 1.0
2025-11-26 18:35:13,038 - root - INFO - Epoch 11; loss: 3.6070940494537354; CER: 0.6909291744232178; WER: 1.0; val_loss: 2.917510509490967; val_CER: 0.6819132566452026; val_WER: 1.0
2025-11-26 18:44:10,556 - root - INFO - Epoch 12; loss: 3.59629225730896; CER: 0.6907742619514465; WER: 1.0; val_loss: 2.9328677654266357; val_CER: 0.6819418668746948; val_WER: 1.0
2025-11-26 18:51:39,701 - root - INFO - Epoch 13; loss: 3.576507806777954; CER: 0.6905839443206787; WER: 1.0; val_loss: 2.891827344894409; val_CER: 0.6812291145324707; val_WER: 1.0
2025-11-26 18:59:48,415 - root - INFO - Epoch 14; loss: 3.5686192512512207; CER: 0.6905714273452759; WER: 1.0; val_loss: 2.867123603820801; val_CER: 0.6813241243362427; val_WER: 1.0
2025-11-26 18:59:49,971 - tf2onnx.tfonnx - INFO - Using tensorflow=2.10.1, onnx=1.17.0, tf2onnx=1.16.1/15c810
2025-11-26 18:59:49,971 - tf2onnx.tfonnx - INFO - Using opset <onnx, 15>
2025-11-26 18:59:50,024 - tf2onnx.tf_utils - INFO - Computed 0 values for constant folding
2025-11-26 18:59:50,028 - tf2onnx.tf_utils - INFO - Computed 0 values for constant folding
2025-11-26 18:59:50,030 - tf2onnx.tf_utils - INFO - Computed 0 values for constant folding
2025-11-26 18:59:50,031 - tf2onnx.tf_utils - INFO - Computed 0 values for constant folding
2025-11-26 18:59:50,065 - tf2onnx.tf_utils - INFO - Computed 2 values for constant folding
2025-11-26 18:59:50,100 - tf2onnx.tfonnx - INFO - folding node using tf type=StridedSlice, name=model/bidirectional/forward_lstm/PartitionedCall/strided_slice
2025-11-26 18:59:50,102 - tf2onnx.tfonnx - INFO - folding node using tf type=StridedSlice, name=model/bidirectional/backward_lstm/PartitionedCall/strided_slice
2025-11-26 18:59:50,200 - tf2onnx.optimizer - INFO - Optimizing ONNX model
2025-11-26 18:59:50,484 - tf2onnx.optimizer - INFO - After optimization: BatchNormalization -14 (14->0), Cast -4 (9->5), Concat -4 (9->5), Const -104 (155->51), Expand -3 (4->1), Gather +1 (2->3), Identity -2 (2->0), Shape -1 (3->2), Slice -1 (4->3), Squeeze -2 (4->2), Transpose -63 (67->4), Unsqueeze -11 (14->3)
2025-11-26 19:21:13,457 - root - INFO - Epoch 0; loss: 3.581129550933838; CER: 0.6905145049095154; WER: 1.0; val_loss: 2.8575828075408936; val_CER: 0.6815569400787354; val_WER: 1.0
2025-11-26 19:47:18,595 - root - INFO - Epoch 1; loss: 3.546048641204834; CER: 0.6901410222053528; WER: 1.0; val_loss: 2.856126546859741; val_CER: 0.6811075210571289; val_WER: 1.0
2025-11-26 20:16:23,634 - root - INFO - Epoch 2; loss: 3.5159494876861572; CER: 0.6897590756416321; WER: 1.0; val_loss: 2.8091869354248047; val_CER: 0.6807258129119873; val_WER: 1.0
2025-11-26 20:44:08,527 - root - INFO - Epoch 3; loss: 3.4902126789093018; CER: 0.6894670128822327; WER: 1.0; val_loss: 2.808209180831909; val_CER: 0.68065345287323; val_WER: 1.0
2025-11-26 21:09:22,511 - root - INFO - Epoch 4; loss: 3.4649908542633057; CER: 0.6891476511955261; WER: 1.0; val_loss: 2.7783007621765137; val_CER: 0.6805813908576965; val_WER: 1.0
2025-11-26 21:37:11,680 - root - INFO - Epoch 5; loss: 3.4413771629333496; CER: 0.6888857483863831; WER: 1.0; val_loss: 2.757671356201172; val_CER: 0.6800836324691772; val_WER: 1.0
2025-11-26 21:58:33,405 - root - INFO - Epoch 6; loss: 3.415036916732788; CER: 0.6886604428291321; WER: 1.0; val_loss: 2.7245354652404785; val_CER: 0.6799337267875671; val_WER: 1.0
2025-11-26 22:16:41,868 - root - INFO - Epoch 7; loss: 3.3920059204101562; CER: 0.6883620619773865; WER: 1.0; val_loss: 2.7289116382598877; val_CER: 0.6797435283660889; val_WER: 1.0
2025-11-26 22:44:16,401 - root - INFO - Epoch 8; loss: 3.3666114807128906; CER: 0.6880640983581543; WER: 1.0; val_loss: 2.705232858657837; val_CER: 0.6796491146087646; val_WER: 1.0
2025-11-26 23:03:06,215 - root - INFO - Epoch 9; loss: 3.3457274436950684; CER: 0.6878023147583008; WER: 1.0; val_loss: 2.6612911224365234; val_CER: 0.6792230606079102; val_WER: 1.0
2025-11-26 23:03:07,718 - tf2onnx.tfonnx - INFO - Using tensorflow=2.10.1, onnx=1.17.0, tf2onnx=1.16.1/15c810
2025-11-26 23:03:07,718 - tf2onnx.tfonnx - INFO - Using opset <onnx, 15>
2025-11-26 23:03:07,816 - tf2onnx.tf_utils - INFO - Computed 0 values for constant folding
2025-11-26 23:03:07,825 - tf2onnx.tf_utils - INFO - Computed 0 values for constant folding
2025-11-26 23:03:07,828 - tf2onnx.tf_utils - INFO - Computed 0 values for constant folding
2025-11-26 23:03:07,831 - tf2onnx.tf_utils - INFO - Computed 0 values for constant folding
2025-11-26 23:03:07,882 - tf2onnx.tf_utils - INFO - Computed 2 values for constant folding
2025-11-26 23:03:07,944 - tf2onnx.tfonnx - INFO - folding node using tf type=StridedSlice, name=model/bidirectional/forward_lstm/PartitionedCall/strided_slice
2025-11-26 23:03:07,946 - tf2onnx.tfonnx - INFO - folding node using tf type=StridedSlice, name=model/bidirectional/backward_lstm/PartitionedCall/strided_slice
2025-11-26 23:03:08,233 - tf2onnx.optimizer - INFO - Optimizing ONNX model
2025-11-26 23:03:09,042 - tf2onnx.optimizer - INFO - After optimization: BatchNormalization -14 (14->0), Cast -4 (9->5), Concat -4 (9->5), Const -104 (155->51), Expand -3 (4->1), Gather +1 (2->3), Identity -2 (2->0), Shape -1 (3->2), Slice -1 (4->3), Squeeze -2 (4->2), Transpose -63 (67->4), Unsqueeze -11 (14->3)
2025-11-27 01:00:48,644 - root - INFO - Epoch 0; loss: 6.705974102020264; CER: 0.724812924861908; WER: 1.0; val_loss: 3.340116024017334; val_CER: 0.686403214931488; val_WER: 1.0
2025-11-27 01:14:51,422 - root - INFO - Epoch 1; loss: 6.204800128936768; CER: 0.71990567445755; WER: 1.0; val_loss: 3.246307849884033; val_CER: 0.6853094100952148; val_WER: 1.0
2025-11-27 01:27:01,618 - root - INFO - Epoch 2; loss: 6.066044807434082; CER: 0.7184361219406128; WER: 1.0; val_loss: 3.184605121612549; val_CER: 0.684758186340332; val_WER: 1.0
2025-11-27 01:34:29,326 - root - INFO - Epoch 3; loss: 5.962690353393555; CER: 0.7173417806625366; WER: 1.0; val_loss: 3.180584669113159; val_CER: 0.6847338080406189; val_WER: 1.0
2025-11-27 01:41:26,278 - root - INFO - Epoch 4; loss: 5.895166397094727; CER: 0.716722846031189; WER: 1.0; val_loss: 3.206686019897461; val_CER: 0.6845685243606567; val_WER: 1.0
2025-11-27 01:53:01,797 - root - INFO - Epoch 5; loss: 5.838573932647705; CER: 0.7160263061523438; WER: 1.0; val_loss: 3.1158447265625; val_CER: 0.6842086315155029; val_WER: 1.0
2025-11-27 02:05:58,683 - root - INFO - Epoch 6; loss: 5.817507743835449; CER: 0.7158161401748657; WER: 1.0; val_loss: 3.094411611557007; val_CER: 0.6838244795799255; val_WER: 1.0
2025-11-27 02:13:23,851 - root - INFO - Epoch 7; loss: 5.755942344665527; CER: 0.7151668667793274; WER: 1.0; val_loss: 3.122758626937866; val_CER: 0.6838763952255249; val_WER: 1.0
2025-11-27 02:20:17,000 - root - INFO - Epoch 8; loss: 5.726949214935303; CER: 0.7148757576942444; WER: 1.0; val_loss: 3.080162525177002; val_CER: 0.6835513710975647; val_WER: 1.0
2025-11-27 02:27:43,614 - root - INFO - Epoch 9; loss: 5.697477340698242; CER: 0.7144623398780823; WER: 1.0; val_loss: 3.072204828262329; val_CER: 0.6835000514984131; val_WER: 1.0
2025-11-27 02:40:30,436 - root - INFO - Epoch 10; loss: 5.667438983917236; CER: 0.7142411470413208; WER: 1.0; val_loss: 3.0481719970703125; val_CER: 0.6832015514373779; val_WER: 1.0
2025-11-27 02:48:08,985 - root - INFO - Epoch 11; loss: 5.658191204071045; CER: 0.7141742706298828; WER: 1.0; val_loss: 3.0222818851470947; val_CER: 0.68292635679245; val_WER: 1.0
2025-11-27 02:54:54,467 - root - INFO - Epoch 12; loss: 5.618812561035156; CER: 0.7137650847434998; WER: 1.0; val_loss: 3.0180606842041016; val_CER: 0.6830609440803528; val_WER: 1.0
2025-11-27 03:01:41,914 - root - INFO - Epoch 13; loss: 5.583218097686768; CER: 0.7133604288101196; WER: 1.0; val_loss: 3.0313704013824463; val_CER: 0.6829144954681396; val_WER: 1.0
2025-11-27 03:08:33,409 - root - INFO - Epoch 14; loss: 5.565807819366455; CER: 0.7131254076957703; WER: 1.0; val_loss: 3.0038797855377197; val_CER: 0.6827493906021118; val_WER: 1.0
2025-11-27 03:15:16,885 - root - INFO - Epoch 15; loss: 5.5507588386535645; CER: 0.7129796147346497; WER: 1.0; val_loss: 3.0309412479400635; val_CER: 0.6828150749206543; val_WER: 1.0
2025-11-27 03:22:00,056 - root - INFO - Epoch 16; loss: 5.521674156188965; CER: 0.7126874923706055; WER: 1.0; val_loss: 2.9920506477355957; val_CER: 0.6824790835380554; val_WER: 1.0
2025-11-27 03:28:43,355 - root - INFO - Epoch 17; loss: 5.500958442687988; CER: 0.7122926712036133; WER: 1.0; val_loss: 2.990020275115967; val_CER: 0.6824169158935547; val_WER: 1.0
2025-11-27 03:35:27,294 - root - INFO - Epoch 18; loss: 5.495212078094482; CER: 0.7123422026634216; WER: 1.0; val_loss: 2.9647185802459717; val_CER: 0.6823005080223083; val_WER: 1.0
2025-11-27 03:42:11,796 - root - INFO - Epoch 19; loss: 5.482320785522461; CER: 0.712285578250885; WER: 1.0; val_loss: 2.9460129737854004; val_CER: 0.6822517514228821; val_WER: 1.0
2025-11-27 03:42:12,576 - tf2onnx.tfonnx - INFO - Using tensorflow=2.10.1, onnx=1.17.0, tf2onnx=1.16.1/15c810
2025-11-27 03:42:12,576 - tf2onnx.tfonnx - INFO - Using opset <onnx, 15>
2025-11-27 03:42:12,619 - tf2onnx.tf_utils - INFO - Computed 0 values for constant folding
2025-11-27 03:42:12,621 - tf2onnx.tf_utils - INFO - Computed 0 values for constant folding
2025-11-27 03:42:12,624 - tf2onnx.tf_utils - INFO - Computed 0 values for constant folding
2025-11-27 03:42:12,627 - tf2onnx.tf_utils - INFO - Computed 0 values for constant folding
2025-11-27 03:42:12,651 - tf2onnx.tf_utils - INFO - Computed 2 values for constant folding
2025-11-27 03:42:12,680 - tf2onnx.tfonnx - INFO - folding node using tf type=StridedSlice, name=model/bidirectional/forward_lstm/PartitionedCall/strided_slice
2025-11-27 03:42:12,680 - tf2onnx.tfonnx - INFO - folding node using tf type=StridedSlice, name=model/bidirectional/backward_lstm/PartitionedCall/strided_slice
2025-11-27 03:42:12,767 - tf2onnx.optimizer - INFO - Optimizing ONNX model
2025-11-27 03:42:12,993 - tf2onnx.optimizer - INFO - After optimization: BatchNormalization -14 (14->0), Cast -4 (9->5), Concat -4 (9->5), Const -104 (155->51), Expand -3 (4->1), Gather +1 (2->3), Identity -2 (2->0), Shape -1 (3->2), Slice -1 (4->3), Squeeze -2 (4->2), Transpose -63 (67->4), Unsqueeze -11 (14->3)
2025-11-27 19:23:40,676 - root - INFO - Epoch 0; loss: 5.452992916107178; CER: 0.7119338512420654; WER: 1.0; val_loss: 2.950456380844116; val_CER: 0.6822130680084229; val_WER: 1.0
2025-11-27 19:33:26,667 - root - INFO - Epoch 1; loss: 5.440584182739258; CER: 0.7117310166358948; WER: 1.0; val_loss: 2.9357690811157227; val_CER: 0.6820310354232788; val_WER: 1.0
2025-11-27 19:41:48,815 - root - INFO - Epoch 2; loss: 5.423675537109375; CER: 0.7115591764450073; WER: 1.0; val_loss: 2.9153168201446533; val_CER: 0.6820313334465027; val_WER: 1.0
